12 июн 2012 20:47:33,432 INFO  [pool-2-thread-2] network.PacketFrameDecoder     - decode
12 июн 2012 20:47:33,448 ERROR [pool-2-thread-2] network.AuthenticationHandler     - 
12 июн 2012 20:47:51,673 INFO  [pool-2-thread-2] network.PacketFrameDecoder     - decode
12 июн 2012 20:47:51,674 ERROR [pool-2-thread-2] network.AuthenticationHandler     - 
12 июн 2012 20:47:51,674 INFO  [pool-2-thread-2] network.PacketFrameDecoder     - decode
12 июн 2012 20:47:51,675 ERROR [pool-2-thread-2] network.AuthenticationHandler     - 
12 июн 2012 20:50:02,123 INFO  [pool-2-thread-2] network.PacketFrameDecoder     - decode
12 июн 2012 20:50:02,134 INFO  [pool-2-thread-2] network.AuthenticationHandler     - auth failed
12 июн 2012 20:50:02,136 INFO  [pool-2-thread-2] network.PacketFrameEncoder     - encoding
12 июн 2012 20:50:02,138 ERROR [pool-2-thread-2] network.AuthenticationHandler     - [Ljava.lang.Object; cannot be cast to network.Response
12 июн 2012 20:51:54,858 INFO  [pool-2-thread-2] network.PacketFrameDecoder     - decode
12 июн 2012 20:51:54,870 INFO  [pool-2-thread-2] network.AuthenticationHandler     - auth failed
12 июн 2012 20:51:54,871 INFO  [pool-2-thread-2] network.PacketFrameEncoder     - encoding
12 июн 2012 20:51:58,396 INFO  [pool-2-thread-2] network.PacketFrameDecoder     - decode
12 июн 2012 20:51:58,397 INFO  [pool-2-thread-2] network.AuthenticationHandler     - auth failed
12 июн 2012 20:51:58,397 INFO  [pool-2-thread-2] network.PacketFrameEncoder     - encoding
12 июн 2012 20:51:58,397 INFO  [pool-2-thread-2] network.PacketFrameDecoder     - decode
12 июн 2012 20:51:58,398 INFO  [pool-2-thread-2] network.AuthenticationHandler     - auth failed
12 июн 2012 20:51:58,398 INFO  [pool-2-thread-2] network.PacketFrameEncoder     - encoding
12 июн 2012 20:55:38,800 INFO  [pool-2-thread-4] network.PacketFrameDecoder     - decode
12 июн 2012 20:55:38,800 INFO  [pool-2-thread-4] network.AuthenticationHandler     - auth failed
12 июн 2012 20:55:38,801 INFO  [pool-2-thread-4] network.PacketFrameEncoder     - encoding
12 июн 2012 20:56:08,402 INFO  [pool-2-thread-4] network.PacketFrameDecoder     - decode
12 июн 2012 20:56:08,402 INFO  [pool-2-thread-4] network.AuthenticationHandler     - auth failed
12 июн 2012 20:56:08,402 INFO  [pool-2-thread-4] network.PacketFrameEncoder     - encoding
12 июн 2012 20:59:53,634 INFO  [pool-2-thread-6] network.PacketFrameDecoder     - decode
12 июн 2012 20:59:53,635 INFO  [pool-2-thread-6] network.AuthenticationHandler     - auth failed
12 июн 2012 20:59:53,635 INFO  [pool-2-thread-6] network.PacketFrameEncoder     - encoding
