11 июн 2012 16:01:40,170 INFO  [pool-2-thread-1] network.PacketFrameDecoder     - decoding ReplayingDecoderBuffer(ridx=0, widx=30)
11 июн 2012 16:01:40,174 INFO  [pool-2-thread-1] network.PacketFrameDecoder     - decoding rb 2147483647
11 июн 2012 16:01:40,175 INFO  [pool-2-thread-1] network.PacketFrameDecoder     - decoding cb BigEndianHeapChannelBuffer(ridx=0, widx=30, cap=30)
11 июн 2012 16:01:40,175 INFO  [pool-2-thread-1] network.PacketFrameDecoder     - decoding arr = 30
11 июн 2012 16:01:40,181 DEBUG [pool-2-thread-1] amf.io.AMF3Deserializer     - new AMF3Deserializer(in=com.sun.org.apache.bcel.internal.util.ByteSequence@69267649)
11 июн 2012 16:01:40,181 DEBUG [pool-2-thread-1] amf.io.AMF3Deserializer     - readObject()...
11 июн 2012 16:01:40,183 DEBUG [pool-2-thread-1] amf.io.AMF3Deserializer     - readAMF3Integer() -> 6 <0x06>
11 июн 2012 16:01:40,183 DEBUG [pool-2-thread-1] amf.io.AMF3Deserializer     - readObject(type=6 <0x06>)
11 июн 2012 16:01:40,183 DEBUG [pool-2-thread-1] amf.io.AMF3Deserializer     - readAMF3String()...
11 июн 2012 16:01:40,183 DEBUG [pool-2-thread-1] amf.io.AMF3Deserializer     - readAMF3Integer() -> 57 <0x39>
11 июн 2012 16:01:40,184 DEBUG [pool-2-thread-1] amf.io.AMF3Deserializer     - readAMF3String() - length=28
11 июн 2012 16:01:40,184 DEBUG [pool-2-thread-1] amf.io.AMF3Deserializer     - readAMF3String() - result="test one,test two,test_three"
11 июн 2012 16:01:40,188 DEBUG [pool-2-thread-1] amf.io.AMF3Deserializer     - addToStoredStrings(s="test one,test two,test_three") at index=0
11 июн 2012 16:01:40,188 DEBUG [pool-2-thread-1] amf.io.AMF3Deserializer     - readAMF3String() -> "test one,test two,test_three"
11 июн 2012 16:01:40,188 INFO  [pool-2-thread-1] network.PacketFrameDecoder     - decoded = test one,test two,test_three
11 июн 2012 16:01:40,189 INFO  [pool-2-thread-1] network.AuthenticationHandler     - auth message received
11 июн 2012 16:01:40,189 INFO  [pool-2-thread-1] network.AuthenticationHandler     - check auth
11 июн 2012 16:01:40,191 ERROR [pool-2-thread-1] network.AuthenticationHandler     - java.lang.String cannot be cast to org.jboss.netty.buffer.ChannelBuffer
11 июн 2012 16:03:02,751 INFO  [pool-2-thread-1] network.PacketFrameDecoder     - decoding ReplayingDecoderBuffer(ridx=0, widx=17)
11 июн 2012 16:03:02,751 INFO  [pool-2-thread-1] network.PacketFrameDecoder     - decoding rb 2147483647
11 июн 2012 16:03:02,752 INFO  [pool-2-thread-1] network.PacketFrameDecoder     - decoding cb BigEndianHeapChannelBuffer(ridx=0, widx=17, cap=17)
11 июн 2012 16:03:02,752 INFO  [pool-2-thread-1] network.PacketFrameDecoder     - decoding arr = 17
11 июн 2012 16:03:02,752 DEBUG [pool-2-thread-1] amf.io.AMF3Deserializer     - new AMF3Deserializer(in=com.sun.org.apache.bcel.internal.util.ByteSequence@57a7ddcf)
11 июн 2012 16:03:02,756 DEBUG [pool-2-thread-1] amf.io.AMF3Deserializer     - readObject()...
11 июн 2012 16:03:02,756 DEBUG [pool-2-thread-1] amf.io.AMF3Deserializer     - readAMF3Integer() -> 9 <0x09>
11 июн 2012 16:03:02,756 DEBUG [pool-2-thread-1] amf.io.AMF3Deserializer     - readObject(type=9 <0x09>)
11 июн 2012 16:03:02,756 DEBUG [pool-2-thread-1] amf.io.AMF3Deserializer     - readAMF3Integer() -> 7 <0x07>
11 июн 2012 16:03:02,757 DEBUG [pool-2-thread-1] amf.io.AMF3Deserializer     - readAMF3String()...
11 июн 2012 16:03:02,757 DEBUG [pool-2-thread-1] amf.io.AMF3Deserializer     - readAMF3Integer() -> 1 <0x01>
11 июн 2012 16:03:02,757 DEBUG [pool-2-thread-1] amf.io.AMF3Deserializer     - readAMF3String() - length=0
11 июн 2012 16:03:02,757 DEBUG [pool-2-thread-1] amf.io.AMF3Deserializer     - readAMF3String() -> ""
11 июн 2012 16:03:02,757 DEBUG [pool-2-thread-1] amf.io.AMF3Deserializer     - addToStoredObjects(o=[null, null, null]) at index=0
11 июн 2012 16:03:02,758 DEBUG [pool-2-thread-1] amf.io.AMF3Deserializer     - readObject()...
11 июн 2012 16:03:02,758 DEBUG [pool-2-thread-1] amf.io.AMF3Deserializer     - readAMF3Integer() -> 4 <0x04>
11 июн 2012 16:03:02,758 DEBUG [pool-2-thread-1] amf.io.AMF3Deserializer     - readObject(type=4 <0x04>)
11 июн 2012 16:03:02,758 DEBUG [pool-2-thread-1] amf.io.AMF3Deserializer     - readAMF3Integer() -> 18 <0x12>
11 июн 2012 16:03:02,758 DEBUG [pool-2-thread-1] amf.io.AMF3Deserializer     - readObject()...
11 июн 2012 16:03:02,759 DEBUG [pool-2-thread-1] amf.io.AMF3Deserializer     - readAMF3Integer() -> 6 <0x06>
11 июн 2012 16:03:02,759 DEBUG [pool-2-thread-1] amf.io.AMF3Deserializer     - readObject(type=6 <0x06>)
11 июн 2012 16:03:02,759 DEBUG [pool-2-thread-1] amf.io.AMF3Deserializer     - readAMF3String()...
11 июн 2012 16:03:02,759 DEBUG [pool-2-thread-1] amf.io.AMF3Deserializer     - readAMF3Integer() -> 17 <0x11>
11 июн 2012 16:03:02,759 DEBUG [pool-2-thread-1] amf.io.AMF3Deserializer     - readAMF3String() - length=8
11 июн 2012 16:03:02,760 DEBUG [pool-2-thread-1] amf.io.AMF3Deserializer     - readAMF3String() - result="test two"
11 июн 2012 16:03:02,760 DEBUG [pool-2-thread-1] amf.io.AMF3Deserializer     - addToStoredStrings(s="test two") at index=0
11 июн 2012 16:03:02,760 DEBUG [pool-2-thread-1] amf.io.AMF3Deserializer     - readAMF3String() -> "test two"
11 июн 2012 16:03:02,760 DEBUG [pool-2-thread-1] amf.io.AMF3Deserializer     - readObject()...
11 июн 2012 16:03:02,760 DEBUG [pool-2-thread-1] amf.io.AMF3Deserializer     - readAMF3Integer() -> 4 <0x04>
11 июн 2012 16:03:02,761 DEBUG [pool-2-thread-1] amf.io.AMF3Deserializer     - readObject(type=4 <0x04>)
11 июн 2012 16:03:02,761 DEBUG [pool-2-thread-1] amf.io.AMF3Deserializer     - readAMF3Integer() -> 34 <0x22>
11 июн 2012 16:03:02,761 DEBUG [pool-2-thread-1] amf.io.AMF3Deserializer     - readAMF3Array() -> [18, test two, 34]
11 июн 2012 16:03:02,761 ERROR [pool-2-thread-1] network.AuthenticationHandler     - [Ljava.lang.Object; cannot be cast to java.lang.String
11 июн 2012 16:31:55,332 INFO  [pool-2-thread-1] network.PacketFrameDecoder     - decoding ReplayingDecoderBuffer(ridx=0, widx=20)
11 июн 2012 16:31:55,335 INFO  [pool-2-thread-1] network.PacketFrameDecoder     - decoding rb 2147483647
11 июн 2012 16:31:55,336 INFO  [pool-2-thread-1] network.PacketFrameDecoder     - decoding cb BigEndianHeapChannelBuffer(ridx=0, widx=20, cap=20)
11 июн 2012 16:31:55,336 INFO  [pool-2-thread-1] network.PacketFrameDecoder     - decoding arr = 20
11 июн 2012 16:31:55,342 DEBUG [pool-2-thread-1] amf.io.AMF3Deserializer     - new AMF3Deserializer(in=com.sun.org.apache.bcel.internal.util.ByteSequence@69267649)
11 июн 2012 16:31:55,342 DEBUG [pool-2-thread-1] amf.io.AMF3Deserializer     - readObject()...
11 июн 2012 16:31:55,343 DEBUG [pool-2-thread-1] amf.io.AMF3Deserializer     - readAMF3Integer() -> 6 <0x06>
11 июн 2012 16:31:55,343 DEBUG [pool-2-thread-1] amf.io.AMF3Deserializer     - readObject(type=6 <0x06>)
11 июн 2012 16:31:55,344 DEBUG [pool-2-thread-1] amf.io.AMF3Deserializer     - readAMF3String()...
11 июн 2012 16:31:55,344 DEBUG [pool-2-thread-1] amf.io.AMF3Deserializer     - readAMF3Integer() -> 37 <0x25>
11 июн 2012 16:31:55,344 DEBUG [pool-2-thread-1] amf.io.AMF3Deserializer     - readAMF3String() - length=18
11 июн 2012 16:31:55,344 DEBUG [pool-2-thread-1] amf.io.AMF3Deserializer     - readAMF3String() - result="18,[object Object]"
11 июн 2012 16:31:55,344 DEBUG [pool-2-thread-1] amf.io.AMF3Deserializer     - addToStoredStrings(s="18,[object Object]") at index=0
11 июн 2012 16:31:55,345 DEBUG [pool-2-thread-1] amf.io.AMF3Deserializer     - readAMF3String() -> "18,[object Object]"
11 июн 2012 16:31:55,345 INFO  [pool-2-thread-1] network.PacketFrameDecoder     - decoded = 18,[object Object]
11 июн 2012 16:31:55,345 INFO  [pool-2-thread-1] network.AuthenticationHandler     - auth message received
11 июн 2012 16:31:55,345 INFO  [pool-2-thread-1] network.AuthenticationHandler     - check auth
11 июн 2012 16:31:55,348 ERROR [pool-2-thread-1] network.AuthenticationHandler     - java.lang.String cannot be cast to org.jboss.netty.buffer.ChannelBuffer
11 июн 2012 16:33:26,953 INFO  [pool-2-thread-1] network.PacketFrameDecoder     - decoding ReplayingDecoderBuffer(ridx=0, widx=20)
11 июн 2012 16:33:26,955 INFO  [pool-2-thread-1] network.PacketFrameDecoder     - decoding rb 2147483647
11 июн 2012 16:33:26,956 INFO  [pool-2-thread-1] network.PacketFrameDecoder     - decoding cb BigEndianHeapChannelBuffer(ridx=0, widx=20, cap=20)
11 июн 2012 16:33:26,956 INFO  [pool-2-thread-1] network.PacketFrameDecoder     - decoding arr = 20
11 июн 2012 16:33:26,963 DEBUG [pool-2-thread-1] amf.io.AMF3Deserializer     - new AMF3Deserializer(in=com.sun.org.apache.bcel.internal.util.ByteSequence@3f829e6f)
11 июн 2012 16:33:26,964 DEBUG [pool-2-thread-1] amf.io.AMF3Deserializer     - readObject()...
11 июн 2012 16:33:26,965 DEBUG [pool-2-thread-1] amf.io.AMF3Deserializer     - readAMF3Integer() -> 6 <0x06>
11 июн 2012 16:33:26,965 DEBUG [pool-2-thread-1] amf.io.AMF3Deserializer     - readObject(type=6 <0x06>)
11 июн 2012 16:33:26,965 DEBUG [pool-2-thread-1] amf.io.AMF3Deserializer     - readAMF3String()...
11 июн 2012 16:33:26,965 DEBUG [pool-2-thread-1] amf.io.AMF3Deserializer     - readAMF3Integer() -> 37 <0x25>
11 июн 2012 16:33:26,966 DEBUG [pool-2-thread-1] amf.io.AMF3Deserializer     - readAMF3String() - length=18
11 июн 2012 16:33:26,966 DEBUG [pool-2-thread-1] amf.io.AMF3Deserializer     - readAMF3String() - result="18,[object Object]"
11 июн 2012 16:33:26,966 DEBUG [pool-2-thread-1] amf.io.AMF3Deserializer     - addToStoredStrings(s="18,[object Object]") at index=0
11 июн 2012 16:33:26,966 DEBUG [pool-2-thread-1] amf.io.AMF3Deserializer     - readAMF3String() -> "18,[object Object]"
11 июн 2012 16:33:26,969 ERROR [pool-2-thread-1] network.AuthenticationHandler     - java.lang.String cannot be cast to [Ljava.lang.Object;
11 июн 2012 16:35:46,089 INFO  [pool-2-thread-1] network.PacketFrameDecoder     - decoding ReplayingDecoderBuffer(ridx=0, widx=10)
11 июн 2012 16:35:46,090 INFO  [pool-2-thread-1] network.PacketFrameDecoder     - decoding rb 2147483647
11 июн 2012 16:35:46,090 INFO  [pool-2-thread-1] network.PacketFrameDecoder     - decoding cb BigEndianHeapChannelBuffer(ridx=0, widx=10, cap=10)
11 июн 2012 16:35:46,090 INFO  [pool-2-thread-1] network.PacketFrameDecoder     - decoding arr = 10
11 июн 2012 16:35:46,090 DEBUG [pool-2-thread-1] amf.io.AMF3Deserializer     - new AMF3Deserializer(in=com.sun.org.apache.bcel.internal.util.ByteSequence@6855a338)
11 июн 2012 16:35:46,095 DEBUG [pool-2-thread-1] amf.io.AMF3Deserializer     - readObject()...
11 июн 2012 16:35:46,095 DEBUG [pool-2-thread-1] amf.io.AMF3Deserializer     - readAMF3Integer() -> 6 <0x06>
11 июн 2012 16:35:46,095 DEBUG [pool-2-thread-1] amf.io.AMF3Deserializer     - readObject(type=6 <0x06>)
11 июн 2012 16:35:46,095 DEBUG [pool-2-thread-1] amf.io.AMF3Deserializer     - readAMF3String()...
11 июн 2012 16:35:46,096 DEBUG [pool-2-thread-1] amf.io.AMF3Deserializer     - readAMF3Integer() -> 17 <0x11>
11 июн 2012 16:35:46,096 DEBUG [pool-2-thread-1] amf.io.AMF3Deserializer     - readAMF3String() - length=8
11 июн 2012 16:35:46,104 DEBUG [pool-2-thread-1] amf.io.AMF3Deserializer     - readAMF3String() - result="18,25,55"
11 июн 2012 16:35:46,105 DEBUG [pool-2-thread-1] amf.io.AMF3Deserializer     - addToStoredStrings(s="18,25,55") at index=0
11 июн 2012 16:35:46,105 DEBUG [pool-2-thread-1] amf.io.AMF3Deserializer     - readAMF3String() -> "18,25,55"
11 июн 2012 16:35:46,106 ERROR [pool-2-thread-1] network.AuthenticationHandler     - java.lang.String cannot be cast to [Ljava.lang.Object;
11 июн 2012 16:57:49,412 INFO  [pool-2-thread-2] network.PacketFrameDecoder     - decoding ReplayingDecoderBuffer(ridx=0, widx=10)
11 июн 2012 16:57:49,412 INFO  [pool-2-thread-2] network.PacketFrameDecoder     - decoding rb 2147483647
11 июн 2012 16:57:49,413 INFO  [pool-2-thread-2] network.PacketFrameDecoder     - decoding cb BigEndianHeapChannelBuffer(ridx=0, widx=10, cap=10)
11 июн 2012 16:57:49,413 INFO  [pool-2-thread-2] network.PacketFrameDecoder     - decoding arr = 10
11 июн 2012 16:57:49,413 DEBUG [pool-2-thread-2] amf.io.AMF3Deserializer     - new AMF3Deserializer(in=com.sun.org.apache.bcel.internal.util.ByteSequence@3a56860b)
11 июн 2012 16:57:49,416 DEBUG [pool-2-thread-2] amf.io.AMF3Deserializer     - readObject()...
11 июн 2012 16:57:49,416 DEBUG [pool-2-thread-2] amf.io.AMF3Deserializer     - readAMF3Integer() -> 6 <0x06>
11 июн 2012 16:57:49,416 DEBUG [pool-2-thread-2] amf.io.AMF3Deserializer     - readObject(type=6 <0x06>)
11 июн 2012 16:57:49,416 DEBUG [pool-2-thread-2] amf.io.AMF3Deserializer     - readAMF3String()...
11 июн 2012 16:57:49,417 DEBUG [pool-2-thread-2] amf.io.AMF3Deserializer     - readAMF3Integer() -> 17 <0x11>
11 июн 2012 16:57:49,417 DEBUG [pool-2-thread-2] amf.io.AMF3Deserializer     - readAMF3String() - length=8
11 июн 2012 16:57:49,417 DEBUG [pool-2-thread-2] amf.io.AMF3Deserializer     - readAMF3String() - result="18,25,55"
11 июн 2012 16:57:49,417 DEBUG [pool-2-thread-2] amf.io.AMF3Deserializer     - addToStoredStrings(s="18,25,55") at index=0
11 июн 2012 16:57:49,417 DEBUG [pool-2-thread-2] amf.io.AMF3Deserializer     - readAMF3String() -> "18,25,55"
11 июн 2012 16:57:49,418 ERROR [pool-2-thread-2] network.AuthenticationHandler     - java.lang.String cannot be cast to [Ljava.lang.Object;
