11 июн 2012 13:02:07,317 INFO  [pool-2-thread-1] network.PacketFrameDecoder     - decoding
11 июн 2012 13:02:07,324 ERROR [pool-2-thread-1] network.AuthenticationHandler     - asdfdecode() method must consume at least one byte if it returned a decoded message (caused by: class network.PacketFrameDecoder)
11 июн 2012 13:03:52,618 INFO  [pool-2-thread-1] network.PacketFrameDecoder     - decoding
11 июн 2012 13:03:52,629 ERROR [pool-2-thread-1] network.AuthenticationHandler     - 
11 июн 2012 13:05:40,924 INFO  [pool-2-thread-1] network.PacketFrameDecoder     - decoding
11 июн 2012 13:05:40,935 ERROR [pool-2-thread-1] network.AuthenticationHandler     - [Ljava.lang.StackTraceElement;@5f49d886
11 июн 2012 13:05:55,939 ERROR [pool-2-thread-1] network.AuthenticationHandler     - [Ljava.lang.StackTraceElement;@69267649
11 июн 2012 13:06:50,335 INFO  [pool-2-thread-1] network.PacketFrameDecoder     - decoding
11 июн 2012 13:06:50,345 ERROR [pool-2-thread-1] network.AuthenticationHandler     - [Ljava.lang.StackTraceElement;@48e61a35
11 июн 2012 13:08:13,372 INFO  [pool-2-thread-1] network.PacketFrameDecoder     - decoding
11 июн 2012 13:08:13,383 ERROR [pool-2-thread-1] network.AuthenticationHandler     - 
11 июн 2012 13:13:25,532 INFO  [pool-2-thread-1] network.PacketFrameDecoder     - decoding
11 июн 2012 13:13:25,543 ERROR [pool-2-thread-1] network.AuthenticationHandler     - 
11 июн 2012 13:16:45,603 INFO  [pool-2-thread-1] network.PacketFrameDecoder     - decoding
11 июн 2012 13:16:45,606 INFO  [pool-2-thread-1] network.PacketFrameDecoder     - ReplayingDecoderBuffer(ridx=0, widx=14)
11 июн 2012 13:16:45,614 ERROR [pool-2-thread-1] network.AuthenticationHandler     - 
11 июн 2012 13:28:05,784 INFO  [pool-2-thread-1] network.PacketFrameDecoder     - STATE = READ_LENGTH
11 июн 2012 13:28:08,261 INFO  [pool-2-thread-1] network.PacketFrameDecoder     - STATE = READ_CONTENT
11 июн 2012 13:28:10,254 INFO  [pool-2-thread-1] network.PacketFrameDecoder     - STATE = READ_CONTENT
11 июн 2012 13:28:11,756 INFO  [pool-2-thread-1] network.PacketFrameDecoder     - STATE = READ_CONTENT
11 июн 2012 13:28:12,588 INFO  [pool-2-thread-1] network.PacketFrameDecoder     - STATE = READ_CONTENT
11 июн 2012 13:28:14,184 INFO  [pool-2-thread-1] network.PacketFrameDecoder     - STATE = READ_CONTENT
11 июн 2012 13:28:15,236 INFO  [pool-2-thread-1] network.PacketFrameDecoder     - STATE = READ_CONTENT
11 июн 2012 13:28:15,925 INFO  [pool-2-thread-1] network.PacketFrameDecoder     - STATE = READ_CONTENT
11 июн 2012 13:28:16,894 INFO  [pool-2-thread-1] network.PacketFrameDecoder     - STATE = READ_CONTENT
11 июн 2012 13:28:47,809 INFO  [pool-2-thread-1] network.PacketFrameDecoder     - STATE = READ_CONTENT
11 июн 2012 13:28:47,810 INFO  [pool-2-thread-1] network.PacketFrameDecoder     - STATE = READ_CONTENT
