11 июн 2012 23:09:30,437 INFO  [pool-2-thread-1] network.AuthenticationHandler     - auth message received
11 июн 2012 23:09:30,442 INFO  [pool-2-thread-1] network.AuthenticationHandler     - auth failed
11 июн 2012 23:09:39,189 INFO  [pool-2-thread-1] network.AuthenticationHandler     - auth message received
11 июн 2012 23:09:39,190 INFO  [pool-2-thread-1] network.AuthenticationHandler     - auth failed
11 июн 2012 23:09:45,220 INFO  [pool-2-thread-1] network.AuthenticationHandler     - auth message received
11 июн 2012 23:09:45,221 INFO  [pool-2-thread-1] network.AuthenticationHandler     - auth failed
11 июн 2012 23:10:30,601 INFO  [pool-2-thread-1] network.AuthenticationHandler     - auth message received
11 июн 2012 23:10:30,604 INFO  [pool-2-thread-1] network.AuthenticationHandler     - auth failed
11 июн 2012 23:10:46,391 INFO  [pool-2-thread-1] network.AuthenticationHandler     - auth message received
11 июн 2012 23:10:46,391 INFO  [pool-2-thread-1] network.AuthenticationHandler     - auth failed
11 июн 2012 23:11:27,033 INFO  [pool-2-thread-1] network.AuthenticationHandler     - auth message received
11 июн 2012 23:11:27,036 INFO  [pool-2-thread-1] network.AuthenticationHandler     - login = login
11 июн 2012 23:11:27,037 INFO  [pool-2-thread-1] network.AuthenticationHandler     - auth failed
11 июн 2012 23:11:36,695 INFO  [pool-2-thread-1] network.AuthenticationHandler     - auth message received
11 июн 2012 23:11:36,695 INFO  [pool-2-thread-1] network.AuthenticationHandler     - login = JuzTosS
11 июн 2012 23:11:36,695 INFO  [pool-2-thread-1] network.AuthenticationHandler     - auth failed
11 июн 2012 23:13:10,234 INFO  [pool-2-thread-1] network.AuthenticationHandler     - auth message received
11 июн 2012 23:13:10,237 INFO  [pool-2-thread-1] network.AuthenticationHandler     - login = JuzTosS
11 июн 2012 23:13:10,237 INFO  [pool-2-thread-1] network.AuthenticationHandler     - auth passed
11 июн 2012 23:38:14,248 INFO  [pool-2-thread-1] network.AuthenticationHandler     - auth failed
11 июн 2012 23:38:14,252 INFO  [pool-2-thread-1] network.PacketFrameEncoder     - encoding
11 июн 2012 23:38:14,255 ERROR [pool-2-thread-1] network.AuthenticationHandler     - [Ljava.lang.Object; cannot be cast to org.jboss.netty.buffer.ChannelBuffer
11 июн 2012 23:43:22,256 ERROR [pool-2-thread-1] network.AuthenticationHandler     - decode() method must consume at least one byte if it returned a decoded message (caused by: class network.PacketFrameDecoder)
11 июн 2012 23:45:26,281 INFO  [pool-2-thread-1] network.PacketFrameDecoder     - decode
11 июн 2012 23:45:26,292 INFO  [pool-2-thread-1] network.AuthenticationHandler     - auth failed
11 июн 2012 23:45:26,294 INFO  [pool-2-thread-1] network.PacketFrameEncoder     - encoding
11 июн 2012 23:52:06,322 INFO  [pool-2-thread-1] network.PacketFrameDecoder     - decode
11 июн 2012 23:52:06,322 INFO  [pool-2-thread-1] network.AuthenticationHandler     - auth failed
11 июн 2012 23:52:06,322 INFO  [pool-2-thread-1] network.PacketFrameEncoder     - encoding
